2025-08-15 23:06:13,315:WARNING:
'cuml' is a soft dependency and not included in the pycaret installation. Please run: `pip install cuml` to install.
2025-08-15 23:06:13,315:WARNING:
'cuml' is a soft dependency and not included in the pycaret installation. Please run: `pip install cuml` to install.
2025-08-15 23:06:13,317:WARNING:
'cuml' is a soft dependency and not included in the pycaret installation. Please run: `pip install cuml` to install.
2025-08-15 23:06:13,317:WARNING:
'cuml' is a soft dependency and not included in the pycaret installation. Please run: `pip install cuml` to install.
2025-08-15 23:06:25,943:INFO:Initializing load_model()
2025-08-15 23:06:25,943:INFO:load_model(model_name=decision_tree_model, platform=None, authentication=None, verbose=True)
2025-08-15 23:06:26,143:WARNING:C:\Users\USER\AppData\Local\Programs\Python\Python311\Lib\site-packages\pycaret\internal\pipeline.py:148: UserWarning: Version mismatch:
current: {'deps_info': {'pip': '24.0', 'setuptools': '65.5.0', 'pycaret': '3.3.2', 'IPython': '9.4.0', 'ipywidgets': '8.1.7', 'tqdm': '4.67.1', 'numpy': '1.26.4', 'pandas': '2.1.4', 'jinja2': '3.1.6', 'scipy': '1.11.4', 'joblib': '1.3.2', 'sklearn': '1.4.2', 'pyod': '2.0.5', 'imblearn': '0.13.0', 'category_encoders': '2.7.0', 'lightgbm': '4.6.0', 'numba': '0.61.2', 'requests': '2.32.4', 'matplotlib': '3.7.5', 'scikitplot': '0.3.7', 'yellowbrick': '1.5', 'plotly': '5.24.1', 'plotly-resampler': 'Not installed', 'kaleido': '1.0.0', 'schemdraw': '0.15', 'statsmodels': '0.14.5', 'sktime': '0.26.0', 'tbats': '1.1.3', 'pmdarima': '2.0.4', 'psutil': '7.0.0', 'markupsafe': '3.0.2', 'pickle5': 'Not installed', 'cloudpickle': '3.1.1', 'deprecation': '2.1.0', 'xxhash': '3.5.0', 'wurlitzer': 'Not installed'}, 'python': {'version': '3.11.9', 'machine': 'AMD64'}}
pickle: {'deps_info': {'pip': '24.1.2', 'setuptools': '75.2.0', 'pycaret': '3.3.2', 'IPython': '7.34.0', 'ipywidgets': '7.7.1', 'tqdm': '4.67.1', 'numpy': '1.26.4', 'pandas': '2.1.4', 'jinja2': '3.1.6', 'scipy': '1.11.4', 'joblib': '1.3.2', 'sklearn': '1.4.2', 'pyod': '2.0.5', 'imblearn': '0.13.0', 'category_encoders': '2.7.0', 'lightgbm': '4.6.0', 'numba': '0.60.0', 'requests': '2.32.3', 'matplotlib': '3.7.5', 'scikitplot': '0.3.7', 'yellowbrick': '1.5', 'plotly': '5.24.1', 'plotly-resampler': 'Not installed', 'kaleido': '1.0.0', 'schemdraw': '0.15', 'statsmodels': '0.14.5', 'sktime': '0.26.0', 'tbats': '1.1.3', 'pmdarima': '2.0.4', 'psutil': '5.9.5', 'markupsafe': '2.0.1', 'pickle5': 'Not installed', 'cloudpickle': '3.1.1', 'deprecation': '2.1.0', 'xxhash': '3.5.0', 'wurlitzer': '3.1.1'}, 'python': {'version': '3.11.13', 'machine': 'x86_64'}}
  warnings.warn(

2025-08-15 23:06:33,929:INFO:Initializing load_model()
2025-08-15 23:06:33,930:INFO:load_model(model_name=decision_tree_model, platform=None, authentication=None, verbose=True)
2025-08-15 23:06:33,963:INFO:Initializing predict_model()
2025-08-15 23:06:33,963:INFO:predict_model(self=<pycaret.classification.oop.ClassificationExperiment object at 0x00000216736F21D0>, estimator=Pipeline(memory=Memory(location=None),
         steps=[('numerical_imputer',
                 TransformerWrapper(include=['Pregnancies', 'Glucose',
                                             'BloodPressure', 'SkinThickness',
                                             'Insulin', 'BMI',
                                             'DiabetesPedigreeFunction',
                                             'Age'],
                                    transformer=SimpleImputer())),
                ('categorical_imputer',
                 TransformerWrapper(include=[],
                                    transformer=SimpleImputer(strategy='most_frequent'))),
                ('trained_model', DecisionTreeClassifier(random_state=123))]), probability_threshold=None, encoded_labels=False, raw_score=False, round=4, verbose=True, ml_usecase=None, preprocess=True, encode_labels=<function _SupervisedExperiment.predict_model.<locals>.encode_labels at 0x00000216736DB060>)
2025-08-15 23:06:33,963:INFO:Checking exceptions
2025-08-15 23:06:33,973:INFO:Preloading libraries
2025-08-15 23:06:33,973:INFO:Set up data.
2025-08-15 23:06:33,979:INFO:Set up index.
2025-08-15 23:14:22,946:INFO:Initializing load_model()
2025-08-15 23:14:22,946:INFO:load_model(model_name=decision_tree_model, platform=None, authentication=None, verbose=True)
2025-08-15 23:14:22,951:WARNING:C:\Users\USER\AppData\Local\Programs\Python\Python311\Lib\site-packages\pycaret\internal\pipeline.py:148: UserWarning: Version mismatch:
current: {'deps_info': {'pip': '24.0', 'setuptools': '65.5.0', 'pycaret': '3.3.2', 'IPython': '9.4.0', 'ipywidgets': '8.1.7', 'tqdm': '4.67.1', 'numpy': '1.26.4', 'pandas': '2.1.4', 'jinja2': '3.1.6', 'scipy': '1.11.4', 'joblib': '1.3.2', 'sklearn': '1.4.2', 'pyod': '2.0.5', 'imblearn': '0.13.0', 'category_encoders': '2.7.0', 'lightgbm': '4.6.0', 'numba': '0.61.2', 'requests': '2.32.4', 'matplotlib': '3.7.5', 'scikitplot': '0.3.7', 'yellowbrick': '1.5', 'plotly': '5.24.1', 'plotly-resampler': 'Not installed', 'kaleido': '1.0.0', 'schemdraw': '0.15', 'statsmodels': '0.14.5', 'sktime': '0.26.0', 'tbats': '1.1.3', 'pmdarima': '2.0.4', 'psutil': '7.0.0', 'markupsafe': '3.0.2', 'pickle5': 'Not installed', 'cloudpickle': '3.1.1', 'deprecation': '2.1.0', 'xxhash': '3.5.0', 'wurlitzer': 'Not installed'}, 'python': {'version': '3.11.9', 'machine': 'AMD64'}}
pickle: {'deps_info': {'pip': '24.1.2', 'setuptools': '75.2.0', 'pycaret': '3.3.2', 'IPython': '7.34.0', 'ipywidgets': '7.7.1', 'tqdm': '4.67.1', 'numpy': '1.26.4', 'pandas': '2.1.4', 'jinja2': '3.1.6', 'scipy': '1.11.4', 'joblib': '1.3.2', 'sklearn': '1.4.2', 'pyod': '2.0.5', 'imblearn': '0.13.0', 'category_encoders': '2.7.0', 'lightgbm': '4.6.0', 'numba': '0.60.0', 'requests': '2.32.3', 'matplotlib': '3.7.5', 'scikitplot': '0.3.7', 'yellowbrick': '1.5', 'plotly': '5.24.1', 'plotly-resampler': 'Not installed', 'kaleido': '1.0.0', 'schemdraw': '0.15', 'statsmodels': '0.14.5', 'sktime': '0.26.0', 'tbats': '1.1.3', 'pmdarima': '2.0.4', 'psutil': '5.9.5', 'markupsafe': '2.0.1', 'pickle5': 'Not installed', 'cloudpickle': '3.1.1', 'deprecation': '2.1.0', 'xxhash': '3.5.0', 'wurlitzer': '3.1.1'}, 'python': {'version': '3.11.13', 'machine': 'x86_64'}}
  warnings.warn(

2025-08-15 23:14:23,120:INFO:Initializing load_model()
2025-08-15 23:14:23,120:INFO:load_model(model_name=decision_tree_model, platform=None, authentication=None, verbose=True)
2025-08-15 23:14:25,155:INFO:Initializing load_model()
2025-08-15 23:14:25,156:INFO:load_model(model_name=decision_tree_model, platform=None, authentication=None, verbose=True)
2025-08-15 23:14:25,370:INFO:Initializing load_model()
2025-08-15 23:14:25,370:INFO:load_model(model_name=decision_tree_model, platform=None, authentication=None, verbose=True)
2025-08-15 23:14:27,003:INFO:Initializing load_model()
2025-08-15 23:14:27,003:INFO:load_model(model_name=decision_tree_model, platform=None, authentication=None, verbose=True)
2025-08-15 23:14:27,765:INFO:Initializing load_model()
2025-08-15 23:14:27,765:INFO:load_model(model_name=decision_tree_model, platform=None, authentication=None, verbose=True)
2025-08-15 23:14:28,833:INFO:Initializing load_model()
2025-08-15 23:14:28,833:INFO:load_model(model_name=decision_tree_model, platform=None, authentication=None, verbose=True)
2025-08-15 23:14:28,863:INFO:Initializing predict_model()
2025-08-15 23:14:28,863:INFO:predict_model(self=<pycaret.classification.oop.ClassificationExperiment object at 0x0000021673711710>, estimator=Pipeline(memory=Memory(location=None),
         steps=[('numerical_imputer',
                 TransformerWrapper(include=['Pregnancies', 'Glucose',
                                             'BloodPressure', 'SkinThickness',
                                             'Insulin', 'BMI',
                                             'DiabetesPedigreeFunction',
                                             'Age'],
                                    transformer=SimpleImputer())),
                ('categorical_imputer',
                 TransformerWrapper(include=[],
                                    transformer=SimpleImputer(strategy='most_frequent'))),
                ('trained_model', DecisionTreeClassifier(random_state=123))]), probability_threshold=None, encoded_labels=False, raw_score=False, round=4, verbose=True, ml_usecase=None, preprocess=True, encode_labels=<function _SupervisedExperiment.predict_model.<locals>.encode_labels at 0x00000216736DB7E0>)
2025-08-15 23:14:28,865:INFO:Checking exceptions
2025-08-15 23:14:28,865:INFO:Preloading libraries
2025-08-15 23:14:28,865:INFO:Set up data.
2025-08-15 23:14:28,873:INFO:Set up index.
2025-08-15 23:14:32,800:INFO:Initializing load_model()
2025-08-15 23:14:32,800:INFO:load_model(model_name=decision_tree_model, platform=None, authentication=None, verbose=True)
2025-08-15 23:14:32,805:WARNING:C:\Users\USER\AppData\Local\Programs\Python\Python311\Lib\site-packages\pycaret\internal\pipeline.py:148: UserWarning: Version mismatch:
current: {'deps_info': {'pip': '24.0', 'setuptools': '65.5.0', 'pycaret': '3.3.2', 'IPython': '9.4.0', 'ipywidgets': '8.1.7', 'tqdm': '4.67.1', 'numpy': '1.26.4', 'pandas': '2.1.4', 'jinja2': '3.1.6', 'scipy': '1.11.4', 'joblib': '1.3.2', 'sklearn': '1.4.2', 'pyod': '2.0.5', 'imblearn': '0.13.0', 'category_encoders': '2.7.0', 'lightgbm': '4.6.0', 'numba': '0.61.2', 'requests': '2.32.4', 'matplotlib': '3.7.5', 'scikitplot': '0.3.7', 'yellowbrick': '1.5', 'plotly': '5.24.1', 'plotly-resampler': 'Not installed', 'kaleido': '1.0.0', 'schemdraw': '0.15', 'statsmodels': '0.14.5', 'sktime': '0.26.0', 'tbats': '1.1.3', 'pmdarima': '2.0.4', 'psutil': '7.0.0', 'markupsafe': '3.0.2', 'pickle5': 'Not installed', 'cloudpickle': '3.1.1', 'deprecation': '2.1.0', 'xxhash': '3.5.0', 'wurlitzer': 'Not installed'}, 'python': {'version': '3.11.9', 'machine': 'AMD64'}}
pickle: {'deps_info': {'pip': '24.1.2', 'setuptools': '75.2.0', 'pycaret': '3.3.2', 'IPython': '7.34.0', 'ipywidgets': '7.7.1', 'tqdm': '4.67.1', 'numpy': '1.26.4', 'pandas': '2.1.4', 'jinja2': '3.1.6', 'scipy': '1.11.4', 'joblib': '1.3.2', 'sklearn': '1.4.2', 'pyod': '2.0.5', 'imblearn': '0.13.0', 'category_encoders': '2.7.0', 'lightgbm': '4.6.0', 'numba': '0.60.0', 'requests': '2.32.3', 'matplotlib': '3.7.5', 'scikitplot': '0.3.7', 'yellowbrick': '1.5', 'plotly': '5.24.1', 'plotly-resampler': 'Not installed', 'kaleido': '1.0.0', 'schemdraw': '0.15', 'statsmodels': '0.14.5', 'sktime': '0.26.0', 'tbats': '1.1.3', 'pmdarima': '2.0.4', 'psutil': '5.9.5', 'markupsafe': '2.0.1', 'pickle5': 'Not installed', 'cloudpickle': '3.1.1', 'deprecation': '2.1.0', 'xxhash': '3.5.0', 'wurlitzer': '3.1.1'}, 'python': {'version': '3.11.13', 'machine': 'x86_64'}}
  warnings.warn(

2025-08-15 23:14:32,967:INFO:Initializing load_model()
2025-08-15 23:14:32,967:INFO:load_model(model_name=decision_tree_model, platform=None, authentication=None, verbose=True)
2025-08-15 23:14:33,138:INFO:Initializing load_model()
2025-08-15 23:14:33,138:INFO:load_model(model_name=decision_tree_model, platform=None, authentication=None, verbose=True)
2025-08-15 23:14:33,288:INFO:Initializing load_model()
2025-08-15 23:14:33,288:INFO:load_model(model_name=decision_tree_model, platform=None, authentication=None, verbose=True)
2025-08-15 23:14:33,449:INFO:Initializing load_model()
2025-08-15 23:14:33,453:INFO:load_model(model_name=decision_tree_model, platform=None, authentication=None, verbose=True)
2025-08-15 23:14:33,613:INFO:Initializing load_model()
2025-08-15 23:14:33,613:INFO:load_model(model_name=decision_tree_model, platform=None, authentication=None, verbose=True)
2025-08-15 23:14:33,766:INFO:Initializing load_model()
2025-08-15 23:14:33,768:INFO:load_model(model_name=decision_tree_model, platform=None, authentication=None, verbose=True)
2025-08-15 23:14:33,918:INFO:Initializing load_model()
2025-08-15 23:14:33,918:INFO:load_model(model_name=decision_tree_model, platform=None, authentication=None, verbose=True)
2025-08-15 23:14:34,064:INFO:Initializing load_model()
2025-08-15 23:14:34,066:INFO:load_model(model_name=decision_tree_model, platform=None, authentication=None, verbose=True)
2025-08-15 23:14:34,253:INFO:Initializing load_model()
2025-08-15 23:14:34,253:INFO:load_model(model_name=decision_tree_model, platform=None, authentication=None, verbose=True)
2025-08-15 23:14:35,732:INFO:Initializing load_model()
2025-08-15 23:14:35,732:INFO:load_model(model_name=decision_tree_model, platform=None, authentication=None, verbose=True)
2025-08-15 23:14:35,753:INFO:Initializing predict_model()
2025-08-15 23:14:35,753:INFO:predict_model(self=<pycaret.classification.oop.ClassificationExperiment object at 0x0000021673724E10>, estimator=Pipeline(memory=Memory(location=None),
         steps=[('numerical_imputer',
                 TransformerWrapper(include=['Pregnancies', 'Glucose',
                                             'BloodPressure', 'SkinThickness',
                                             'Insulin', 'BMI',
                                             'DiabetesPedigreeFunction',
                                             'Age'],
                                    transformer=SimpleImputer())),
                ('categorical_imputer',
                 TransformerWrapper(include=[],
                                    transformer=SimpleImputer(strategy='most_frequent'))),
                ('trained_model', DecisionTreeClassifier(random_state=123))]), probability_threshold=None, encoded_labels=False, raw_score=False, round=4, verbose=True, ml_usecase=None, preprocess=True, encode_labels=<function _SupervisedExperiment.predict_model.<locals>.encode_labels at 0x00000216736DB880>)
2025-08-15 23:14:35,753:INFO:Checking exceptions
2025-08-15 23:14:35,756:INFO:Preloading libraries
2025-08-15 23:14:35,756:INFO:Set up data.
2025-08-15 23:14:35,760:INFO:Set up index.
2025-08-15 23:14:38,310:INFO:Initializing load_model()
2025-08-15 23:14:38,310:INFO:load_model(model_name=decision_tree_model, platform=None, authentication=None, verbose=True)
2025-08-15 23:14:38,315:WARNING:C:\Users\USER\AppData\Local\Programs\Python\Python311\Lib\site-packages\pycaret\internal\pipeline.py:148: UserWarning: Version mismatch:
current: {'deps_info': {'pip': '24.0', 'setuptools': '65.5.0', 'pycaret': '3.3.2', 'IPython': '9.4.0', 'ipywidgets': '8.1.7', 'tqdm': '4.67.1', 'numpy': '1.26.4', 'pandas': '2.1.4', 'jinja2': '3.1.6', 'scipy': '1.11.4', 'joblib': '1.3.2', 'sklearn': '1.4.2', 'pyod': '2.0.5', 'imblearn': '0.13.0', 'category_encoders': '2.7.0', 'lightgbm': '4.6.0', 'numba': '0.61.2', 'requests': '2.32.4', 'matplotlib': '3.7.5', 'scikitplot': '0.3.7', 'yellowbrick': '1.5', 'plotly': '5.24.1', 'plotly-resampler': 'Not installed', 'kaleido': '1.0.0', 'schemdraw': '0.15', 'statsmodels': '0.14.5', 'sktime': '0.26.0', 'tbats': '1.1.3', 'pmdarima': '2.0.4', 'psutil': '7.0.0', 'markupsafe': '3.0.2', 'pickle5': 'Not installed', 'cloudpickle': '3.1.1', 'deprecation': '2.1.0', 'xxhash': '3.5.0', 'wurlitzer': 'Not installed'}, 'python': {'version': '3.11.9', 'machine': 'AMD64'}}
pickle: {'deps_info': {'pip': '24.1.2', 'setuptools': '75.2.0', 'pycaret': '3.3.2', 'IPython': '7.34.0', 'ipywidgets': '7.7.1', 'tqdm': '4.67.1', 'numpy': '1.26.4', 'pandas': '2.1.4', 'jinja2': '3.1.6', 'scipy': '1.11.4', 'joblib': '1.3.2', 'sklearn': '1.4.2', 'pyod': '2.0.5', 'imblearn': '0.13.0', 'category_encoders': '2.7.0', 'lightgbm': '4.6.0', 'numba': '0.60.0', 'requests': '2.32.3', 'matplotlib': '3.7.5', 'scikitplot': '0.3.7', 'yellowbrick': '1.5', 'plotly': '5.24.1', 'plotly-resampler': 'Not installed', 'kaleido': '1.0.0', 'schemdraw': '0.15', 'statsmodels': '0.14.5', 'sktime': '0.26.0', 'tbats': '1.1.3', 'pmdarima': '2.0.4', 'psutil': '5.9.5', 'markupsafe': '2.0.1', 'pickle5': 'Not installed', 'cloudpickle': '3.1.1', 'deprecation': '2.1.0', 'xxhash': '3.5.0', 'wurlitzer': '3.1.1'}, 'python': {'version': '3.11.13', 'machine': 'x86_64'}}
  warnings.warn(

2025-08-15 23:14:38,475:INFO:Initializing load_model()
2025-08-15 23:14:38,477:INFO:load_model(model_name=decision_tree_model, platform=None, authentication=None, verbose=True)
2025-08-15 23:14:38,630:INFO:Initializing load_model()
2025-08-15 23:14:38,630:INFO:load_model(model_name=decision_tree_model, platform=None, authentication=None, verbose=True)
2025-08-15 23:14:38,785:INFO:Initializing load_model()
2025-08-15 23:14:38,785:INFO:load_model(model_name=decision_tree_model, platform=None, authentication=None, verbose=True)
2025-08-15 23:14:40,350:INFO:Initializing load_model()
2025-08-15 23:14:40,350:INFO:load_model(model_name=decision_tree_model, platform=None, authentication=None, verbose=True)
2025-08-15 23:14:40,380:INFO:Initializing predict_model()
2025-08-15 23:14:40,380:INFO:predict_model(self=<pycaret.classification.oop.ClassificationExperiment object at 0x00000216736F1710>, estimator=Pipeline(memory=Memory(location=None),
         steps=[('numerical_imputer',
                 TransformerWrapper(include=['Pregnancies', 'Glucose',
                                             'BloodPressure', 'SkinThickness',
                                             'Insulin', 'BMI',
                                             'DiabetesPedigreeFunction',
                                             'Age'],
                                    transformer=SimpleImputer())),
                ('categorical_imputer',
                 TransformerWrapper(include=[],
                                    transformer=SimpleImputer(strategy='most_frequent'))),
                ('trained_model', DecisionTreeClassifier(random_state=123))]), probability_threshold=None, encoded_labels=False, raw_score=False, round=4, verbose=True, ml_usecase=None, preprocess=True, encode_labels=<function _SupervisedExperiment.predict_model.<locals>.encode_labels at 0x00000216736DB740>)
2025-08-15 23:14:40,380:INFO:Checking exceptions
2025-08-15 23:14:40,380:INFO:Preloading libraries
2025-08-15 23:14:40,380:INFO:Set up data.
2025-08-15 23:14:40,387:INFO:Set up index.
2025-08-15 23:14:44,132:INFO:Initializing load_model()
2025-08-15 23:14:44,132:INFO:load_model(model_name=decision_tree_model, platform=None, authentication=None, verbose=True)
2025-08-15 23:14:44,137:WARNING:C:\Users\USER\AppData\Local\Programs\Python\Python311\Lib\site-packages\pycaret\internal\pipeline.py:148: UserWarning: Version mismatch:
current: {'deps_info': {'pip': '24.0', 'setuptools': '65.5.0', 'pycaret': '3.3.2', 'IPython': '9.4.0', 'ipywidgets': '8.1.7', 'tqdm': '4.67.1', 'numpy': '1.26.4', 'pandas': '2.1.4', 'jinja2': '3.1.6', 'scipy': '1.11.4', 'joblib': '1.3.2', 'sklearn': '1.4.2', 'pyod': '2.0.5', 'imblearn': '0.13.0', 'category_encoders': '2.7.0', 'lightgbm': '4.6.0', 'numba': '0.61.2', 'requests': '2.32.4', 'matplotlib': '3.7.5', 'scikitplot': '0.3.7', 'yellowbrick': '1.5', 'plotly': '5.24.1', 'plotly-resampler': 'Not installed', 'kaleido': '1.0.0', 'schemdraw': '0.15', 'statsmodels': '0.14.5', 'sktime': '0.26.0', 'tbats': '1.1.3', 'pmdarima': '2.0.4', 'psutil': '7.0.0', 'markupsafe': '3.0.2', 'pickle5': 'Not installed', 'cloudpickle': '3.1.1', 'deprecation': '2.1.0', 'xxhash': '3.5.0', 'wurlitzer': 'Not installed'}, 'python': {'version': '3.11.9', 'machine': 'AMD64'}}
pickle: {'deps_info': {'pip': '24.1.2', 'setuptools': '75.2.0', 'pycaret': '3.3.2', 'IPython': '7.34.0', 'ipywidgets': '7.7.1', 'tqdm': '4.67.1', 'numpy': '1.26.4', 'pandas': '2.1.4', 'jinja2': '3.1.6', 'scipy': '1.11.4', 'joblib': '1.3.2', 'sklearn': '1.4.2', 'pyod': '2.0.5', 'imblearn': '0.13.0', 'category_encoders': '2.7.0', 'lightgbm': '4.6.0', 'numba': '0.60.0', 'requests': '2.32.3', 'matplotlib': '3.7.5', 'scikitplot': '0.3.7', 'yellowbrick': '1.5', 'plotly': '5.24.1', 'plotly-resampler': 'Not installed', 'kaleido': '1.0.0', 'schemdraw': '0.15', 'statsmodels': '0.14.5', 'sktime': '0.26.0', 'tbats': '1.1.3', 'pmdarima': '2.0.4', 'psutil': '5.9.5', 'markupsafe': '2.0.1', 'pickle5': 'Not installed', 'cloudpickle': '3.1.1', 'deprecation': '2.1.0', 'xxhash': '3.5.0', 'wurlitzer': '3.1.1'}, 'python': {'version': '3.11.13', 'machine': 'x86_64'}}
  warnings.warn(

2025-08-15 23:14:44,282:INFO:Initializing load_model()
2025-08-15 23:14:44,282:INFO:load_model(model_name=decision_tree_model, platform=None, authentication=None, verbose=True)
2025-08-15 23:14:44,499:INFO:Initializing load_model()
2025-08-15 23:14:44,499:INFO:load_model(model_name=decision_tree_model, platform=None, authentication=None, verbose=True)
2025-08-15 23:14:46,001:INFO:Initializing load_model()
2025-08-15 23:14:46,001:INFO:load_model(model_name=decision_tree_model, platform=None, authentication=None, verbose=True)
2025-08-15 23:14:46,031:INFO:Initializing predict_model()
2025-08-15 23:14:46,033:INFO:predict_model(self=<pycaret.classification.oop.ClassificationExperiment object at 0x00000216737D1D90>, estimator=Pipeline(memory=Memory(location=None),
         steps=[('numerical_imputer',
                 TransformerWrapper(include=['Pregnancies', 'Glucose',
                                             'BloodPressure', 'SkinThickness',
                                             'Insulin', 'BMI',
                                             'DiabetesPedigreeFunction',
                                             'Age'],
                                    transformer=SimpleImputer())),
                ('categorical_imputer',
                 TransformerWrapper(include=[],
                                    transformer=SimpleImputer(strategy='most_frequent'))),
                ('trained_model', DecisionTreeClassifier(random_state=123))]), probability_threshold=None, encoded_labels=False, raw_score=False, round=4, verbose=True, ml_usecase=None, preprocess=True, encode_labels=<function _SupervisedExperiment.predict_model.<locals>.encode_labels at 0x00000216736D9300>)
2025-08-15 23:14:46,033:INFO:Checking exceptions
2025-08-15 23:14:46,033:INFO:Preloading libraries
2025-08-15 23:14:46,033:INFO:Set up data.
2025-08-15 23:14:46,037:INFO:Set up index.
2025-08-15 23:15:42,619:INFO:Initializing load_model()
2025-08-15 23:15:42,619:INFO:load_model(model_name=decision_tree_model, platform=None, authentication=None, verbose=True)
2025-08-15 23:15:42,625:WARNING:C:\Users\USER\AppData\Local\Programs\Python\Python311\Lib\site-packages\pycaret\internal\pipeline.py:148: UserWarning: Version mismatch:
current: {'deps_info': {'pip': '24.0', 'setuptools': '65.5.0', 'pycaret': '3.3.2', 'IPython': '9.4.0', 'ipywidgets': '8.1.7', 'tqdm': '4.67.1', 'numpy': '1.26.4', 'pandas': '2.1.4', 'jinja2': '3.1.6', 'scipy': '1.11.4', 'joblib': '1.3.2', 'sklearn': '1.4.2', 'pyod': '2.0.5', 'imblearn': '0.13.0', 'category_encoders': '2.7.0', 'lightgbm': '4.6.0', 'numba': '0.61.2', 'requests': '2.32.4', 'matplotlib': '3.7.5', 'scikitplot': '0.3.7', 'yellowbrick': '1.5', 'plotly': '5.24.1', 'plotly-resampler': 'Not installed', 'kaleido': '1.0.0', 'schemdraw': '0.15', 'statsmodels': '0.14.5', 'sktime': '0.26.0', 'tbats': '1.1.3', 'pmdarima': '2.0.4', 'psutil': '7.0.0', 'markupsafe': '3.0.2', 'pickle5': 'Not installed', 'cloudpickle': '3.1.1', 'deprecation': '2.1.0', 'xxhash': '3.5.0', 'wurlitzer': 'Not installed'}, 'python': {'version': '3.11.9', 'machine': 'AMD64'}}
pickle: {'deps_info': {'pip': '24.1.2', 'setuptools': '75.2.0', 'pycaret': '3.3.2', 'IPython': '7.34.0', 'ipywidgets': '7.7.1', 'tqdm': '4.67.1', 'numpy': '1.26.4', 'pandas': '2.1.4', 'jinja2': '3.1.6', 'scipy': '1.11.4', 'joblib': '1.3.2', 'sklearn': '1.4.2', 'pyod': '2.0.5', 'imblearn': '0.13.0', 'category_encoders': '2.7.0', 'lightgbm': '4.6.0', 'numba': '0.60.0', 'requests': '2.32.3', 'matplotlib': '3.7.5', 'scikitplot': '0.3.7', 'yellowbrick': '1.5', 'plotly': '5.24.1', 'plotly-resampler': 'Not installed', 'kaleido': '1.0.0', 'schemdraw': '0.15', 'statsmodels': '0.14.5', 'sktime': '0.26.0', 'tbats': '1.1.3', 'pmdarima': '2.0.4', 'psutil': '5.9.5', 'markupsafe': '2.0.1', 'pickle5': 'Not installed', 'cloudpickle': '3.1.1', 'deprecation': '2.1.0', 'xxhash': '3.5.0', 'wurlitzer': '3.1.1'}, 'python': {'version': '3.11.13', 'machine': 'x86_64'}}
  warnings.warn(

2025-08-15 23:15:55,178:INFO:Initializing load_model()
2025-08-15 23:15:55,178:INFO:load_model(model_name=decision_tree_model, platform=None, authentication=None, verbose=True)
2025-08-15 23:16:42,126:INFO:Initializing load_model()
2025-08-15 23:16:42,128:INFO:load_model(model_name=decision_tree_model, platform=None, authentication=None, verbose=True)
2025-08-15 23:16:45,386:INFO:Initializing load_model()
2025-08-15 23:16:45,386:INFO:load_model(model_name=decision_tree_model, platform=None, authentication=None, verbose=True)
2025-08-15 23:16:49,669:INFO:Initializing load_model()
2025-08-15 23:16:49,669:INFO:load_model(model_name=decision_tree_model, platform=None, authentication=None, verbose=True)
2025-08-15 23:16:56,796:INFO:Initializing load_model()
2025-08-15 23:16:56,798:INFO:load_model(model_name=decision_tree_model, platform=None, authentication=None, verbose=True)
2025-08-15 23:16:57,018:INFO:Initializing load_model()
2025-08-15 23:16:57,018:INFO:load_model(model_name=decision_tree_model, platform=None, authentication=None, verbose=True)
2025-08-15 23:16:57,048:INFO:Initializing predict_model()
2025-08-15 23:16:57,048:INFO:predict_model(self=<pycaret.classification.oop.ClassificationExperiment object at 0x0000021673725AD0>, estimator=Pipeline(memory=Memory(location=None),
         steps=[('numerical_imputer',
                 TransformerWrapper(include=['Pregnancies', 'Glucose',
                                             'BloodPressure', 'SkinThickness',
                                             'Insulin', 'BMI',
                                             'DiabetesPedigreeFunction',
                                             'Age'],
                                    transformer=SimpleImputer())),
                ('categorical_imputer',
                 TransformerWrapper(include=[],
                                    transformer=SimpleImputer(strategy='most_frequent'))),
                ('trained_model', DecisionTreeClassifier(random_state=123))]), probability_threshold=None, encoded_labels=False, raw_score=False, round=4, verbose=True, ml_usecase=None, preprocess=True, encode_labels=<function _SupervisedExperiment.predict_model.<locals>.encode_labels at 0x00000216736DB420>)
2025-08-15 23:16:57,048:INFO:Checking exceptions
2025-08-15 23:16:57,048:INFO:Preloading libraries
2025-08-15 23:16:57,048:INFO:Set up data.
2025-08-15 23:16:57,051:INFO:Set up index.
